<?xml version="1.0" encoding="UTF-8"?>
<!-- Generated by org.testng.reporters.JUnitReportReporter -->
<testsuite skipped="0" hostname="CE-512" name="com.qa.api.orangehr.tests.AccessToken" tests="1" failures="0" timestamp="16 Dec 2020 20:15:57 GMT" time="4.620" errors="0">
  <testcase name="getAccessTokenTest" time="4.620" classname="com.qa.api.orangehr.tests.AccessToken"/>
</testsuite> <!-- com.qa.api.orangehr.tests.AccessToken -->
