<?xml version="1.0" encoding="UTF-8"?>
<!-- Generated by org.testng.reporters.JUnitReportReporter -->
<testsuite skipped="0" hostname="CE-512" name="com.qa.api.orangehr.tests.Admin" tests="3" failures="0" timestamp="16 Dec 2020 20:40:47 GMT" time="8.690" errors="0">
  <testcase name="employmentStatusCheck" time="3.260" classname="com.qa.api.orangehr.tests.Admin"/>
  <testcase name="getemploymentStatusCheck" time="2.115" classname="com.qa.api.orangehr.tests.Admin"/>
  <testcase name="updateEmployeeStatusUpdate" time="3.315" classname="com.qa.api.orangehr.tests.Admin"/>
</testsuite> <!-- com.qa.api.orangehr.tests.Admin -->
