<?xml version="1.0" encoding="UTF-8"?>
<!-- Generated by org.testng.reporters.JUnitReportReporter -->
<testsuite skipped="0" hostname="CE-512" name="com.qa.api.orangehr.tests.Admin" tests="12" failures="0" timestamp="20 Dec 2020 18:54:18 GMT" time="36.093" errors="0">
  <testcase name="employmentStatusCheck" time="3.844" classname="com.qa.api.orangehr.tests.Admin"/>
  <testcase name="getemploymentStatusCheck" time="2.155" classname="com.qa.api.orangehr.tests.Admin"/>
  <testcase name="updateEmployeeStatusCheck" time="3.084" classname="com.qa.api.orangehr.tests.Admin"/>
  <testcase name="deleteEmployeeStatusCheck" time="4.759" classname="com.qa.api.orangehr.tests.Admin"/>
  <testcase name="addJobCategoryCheck" time="1.562" classname="com.qa.api.orangehr.tests.Admin"/>
  <testcase name="getJobCategoryCheck" time="1.570" classname="com.qa.api.orangehr.tests.Admin"/>
  <testcase name="updateJobCategoryCheck" time="3.151" classname="com.qa.api.orangehr.tests.Admin"/>
  <testcase name="deleteJobCategoryCheck" time="4.723" classname="com.qa.api.orangehr.tests.Admin"/>
  <testcase name="addJobTitlesCheck" time="1.580" classname="com.qa.api.orangehr.tests.Admin"/>
  <testcase name="getJobTitlesCheck" time="1.563" classname="com.qa.api.orangehr.tests.Admin"/>
  <testcase name="updateJobTitlesCheck" time="3.313" classname="com.qa.api.orangehr.tests.Admin"/>
  <testcase name="deleteJobTitlesCheck" time="4.789" classname="com.qa.api.orangehr.tests.Admin"/>
</testsuite> <!-- com.qa.api.orangehr.tests.Admin -->
